<?xml version="1.0" encoding="utf-8"?><testsuites name="pytest tests"><testsuite name="pytest" errors="0" failures="0" skipped="0" tests="15" time="4.255" timestamp="2026-06-26T18:37:00.675665+00:00" hostname="agent-env-aed1303c-1dd9-43c0-95ed-cd436a474ab0"><testcase classname="backend.tests.test_entities_api.TestEntitiesCRUD" name="test_list_existing" time="0.618" /><testcase classname="backend.tests.test_entities_api.TestEntitiesCRUD" name="test_create" time="0.153" /><testcase classname="backend.tests.test_entities_api.TestEntitiesCRUD" name="test_get_one" time="0.110" /><testcase classname="backend.tests.test_entities_api.TestEntitiesCRUD" name="test_update" time="0.118" /><testcase classname="backend.tests.test_entities_api.TestEntitiesCRUD" name="test_get_404" time="0.174" /><testcase classname="backend.tests.test_entities_api.TestEntityProjectLink" name="test_create_entity" time="0.099" /><testcase classname="backend.tests.test_entities_api.TestEntityProjectLink" name="test_create_project_with_entity" time="0.119" /><testcase classname="backend.tests.test_entities_api.TestEntityProjectLink" name="test_get_project_returns_entity_id" time="0.114" /><testcase classname="backend.tests.test_entities_api.TestEntityProjectLink" name="test_unlink_via_update" time="0.207" /><testcase classname="backend.tests.test_entities_api.TestEntityProjectLink" name="test_delete_entity_unlinks_projects" time="0.233" /><testcase classname="backend.tests.test_entities_api.TestEntityProjectLink" name="test_cleanup_project" time="0.100" /><testcase classname="backend.tests.test_entities_api.TestEntityRBAC" name="test_viewer_cannot_create" time="0.432" /><testcase classname="backend.tests.test_entities_api.TestEntityRBAC" name="test_viewer_cannot_delete" time="0.336" /><testcase classname="backend.tests.test_entities_api.TestEntityRBAC" name="test_manager_can_create_edit" time="0.765" /><testcase classname="backend.tests.test_entities_api" name="test_zz_cleanup" time="0.558" /></testsuite></testsuites>