<?xml version="1.0" encoding="utf-8"?><testsuites name="pytest tests"><testsuite name="pytest" errors="0" failures="1" skipped="0" tests="29" time="5.763" timestamp="2026-06-26T18:11:26.192982+00:00" hostname="agent-env-aed1303c-1dd9-43c0-95ed-cd436a474ab0"><testcase classname="backend.tests.test_cvln_api.TestAuth" name="test_login_admin" time="0.749" /><testcase classname="backend.tests.test_cvln_api.TestAuth" name="test_login_invalid" time="0.336" /><testcase classname="backend.tests.test_cvln_api.TestAuth" name="test_me" time="0.110" /><testcase classname="backend.tests.test_cvln_api.TestAuth" name="test_register_blocks_admin_role" time="0.375" /><testcase classname="backend.tests.test_cvln_api.TestDashboard" name="test_stats" time="0.125" /><testcase classname="backend.tests.test_cvln_api.TestProjects" name="test_create" time="0.138" /><testcase classname="backend.tests.test_cvln_api.TestProjects" name="test_get_list" time="0.109" /><testcase classname="backend.tests.test_cvln_api.TestProjects" name="test_update" time="0.100" /><testcase classname="backend.tests.test_cvln_api.TestProjects" name="test_delete" time="0.297" /><testcase classname="backend.tests.test_cvln_api.TestTasks" name="test_create" time="0.108" /><testcase classname="backend.tests.test_cvln_api.TestTasks" name="test_toggle_complete" time="0.162" /><testcase classname="backend.tests.test_cvln_api.TestTasks" name="test_delete" time="0.154" /><testcase classname="backend.tests.test_cvln_api.TestFinance" name="test_create_revenue" time="0.116" /><testcase classname="backend.tests.test_cvln_api.TestFinance" name="test_create_expense" time="0.117" /><testcase classname="backend.tests.test_cvln_api.TestFinance" name="test_update" time="0.141"><failure message="assert 500 == 200&#10; +  where 500 = &lt;Response [500]&gt;.status_code">backend/tests/test_cvln_api.py:142: in test_update
    assert r.status_code == 200
E   assert 500 == 200
E    +  where 500 = &lt;Response [500]&gt;.status_code</failure></testcase><testcase classname="backend.tests.test_cvln_api.TestFinance" name="test_delete_both" time="0.243" /><testcase classname="backend.tests.test_cvln_api.TestContacts" name="test_create" time="0.117" /><testcase classname="backend.tests.test_cvln_api.TestContacts" name="test_update" time="0.106" /><testcase classname="backend.tests.test_cvln_api.TestContacts" name="test_delete" time="0.425" /><testcase classname="backend.tests.test_cvln_api.TestEvents" name="test_create" time="0.113" /><testcase classname="backend.tests.test_cvln_api.TestEvents" name="test_update" time="0.114" /><testcase classname="backend.tests.test_cvln_api.TestEvents" name="test_delete" time="0.104" /><testcase classname="backend.tests.test_cvln_api.TestKPIs" name="test_create" time="0.111" /><testcase classname="backend.tests.test_cvln_api.TestKPIs" name="test_list" time="0.120" /><testcase classname="backend.tests.test_cvln_api.TestKPIs" name="test_delete" time="0.156" /><testcase classname="backend.tests.test_cvln_api.TestDocuments" name="test_upload" time="0.126" /><testcase classname="backend.tests.test_cvln_api.TestDocuments" name="test_list" time="0.131" /><testcase classname="backend.tests.test_cvln_api.TestDocuments" name="test_delete" time="0.138" /><testcase classname="backend.tests.test_cvln_api.TestRBAC" name="test_viewer_cannot_create_project" time="0.441" /></testsuite></testsuites>