<?xml version="1.0" encoding="utf-8"?><testsuites name="pytest tests"><testsuite name="pytest" errors="0" failures="0" skipped="0" tests="29" time="4.716" timestamp="2026-06-26T18:37:09.752511+00:00" hostname="agent-env-aed1303c-1dd9-43c0-95ed-cd436a474ab0"><testcase classname="backend.tests.test_cvln_api.TestAuth" name="test_login_admin" time="0.375" /><testcase classname="backend.tests.test_cvln_api.TestAuth" name="test_login_invalid" time="0.324" /><testcase classname="backend.tests.test_cvln_api.TestAuth" name="test_me" time="0.111" /><testcase classname="backend.tests.test_cvln_api.TestAuth" name="test_register_blocks_admin_role" time="0.338" /><testcase classname="backend.tests.test_cvln_api.TestDashboard" name="test_stats" time="0.204" /><testcase classname="backend.tests.test_cvln_api.TestProjects" name="test_create" time="0.109" /><testcase classname="backend.tests.test_cvln_api.TestProjects" name="test_get_list" time="0.107" /><testcase classname="backend.tests.test_cvln_api.TestProjects" name="test_update" time="0.109" /><testcase classname="backend.tests.test_cvln_api.TestProjects" name="test_delete" time="0.218" /><testcase classname="backend.tests.test_cvln_api.TestTasks" name="test_create" time="0.105" /><testcase classname="backend.tests.test_cvln_api.TestTasks" name="test_toggle_complete" time="0.107" /><testcase classname="backend.tests.test_cvln_api.TestTasks" name="test_delete" time="0.118" /><testcase classname="backend.tests.test_cvln_api.TestFinance" name="test_create_revenue" time="0.108" /><testcase classname="backend.tests.test_cvln_api.TestFinance" name="test_create_expense" time="0.200" /><testcase classname="backend.tests.test_cvln_api.TestFinance" name="test_update" time="0.110" /><testcase classname="backend.tests.test_cvln_api.TestFinance" name="test_delete_both" time="0.213" /><testcase classname="backend.tests.test_cvln_api.TestContacts" name="test_create" time="0.106" /><testcase classname="backend.tests.test_cvln_api.TestContacts" name="test_update" time="0.104" /><testcase classname="backend.tests.test_cvln_api.TestContacts" name="test_delete" time="0.104" /><testcase classname="backend.tests.test_cvln_api.TestEvents" name="test_create" time="0.132" /><testcase classname="backend.tests.test_cvln_api.TestEvents" name="test_update" time="0.112" /><testcase classname="backend.tests.test_cvln_api.TestEvents" name="test_delete" time="0.109" /><testcase classname="backend.tests.test_cvln_api.TestKPIs" name="test_create" time="0.111" /><testcase classname="backend.tests.test_cvln_api.TestKPIs" name="test_list" time="0.106" /><testcase classname="backend.tests.test_cvln_api.TestKPIs" name="test_delete" time="0.100" /><testcase classname="backend.tests.test_cvln_api.TestDocuments" name="test_upload" time="0.101" /><testcase classname="backend.tests.test_cvln_api.TestDocuments" name="test_list" time="0.110" /><testcase classname="backend.tests.test_cvln_api.TestDocuments" name="test_delete" time="0.105" /><testcase classname="backend.tests.test_cvln_api.TestRBAC" name="test_viewer_cannot_create_project" time="0.494" /></testsuite></testsuites>